{
  level: 'error',
  message: 'Failed to connect database. The `uri` parameter to `openUri()` must be a string, got "undefined". Make sure the first parameter to `mongoose.connect()` or `mongoose.createConnection()` is a string.',
  stack: 'MongooseError: The `uri` parameter to `openUri()` must be a string, got "undefined". Make sure the first parameter to `mongoose.connect()` or `mongoose.createConnection()` is a string.\n' +
    '    at NativeConnection.createClient (C:\\Users\\User\\OneDrive\\Desktop\\Pet nation\\pet-nation-server\\node_modules\\mongoose\\lib\\drivers\\node-mongodb-native\\connection.js:206:11)\n' +
    '    at NativeConnection.openUri (C:\\Users\\User\\OneDrive\\Desktop\\Pet nation\\pet-nation-server\\node_modules\\mongoose\\lib\\connection.js:759:34)\n' +
    '    at Mongoose.connect (C:\\Users\\User\\OneDrive\\Desktop\\Pet nation\\pet-nation-server\\node_modules\\mongoose\\lib\\mongoose.js:403:15)\n' +
    '    at C:\\Users\\User\\OneDrive\\Desktop\\Pet nation\\pet-nation-server\\src\\server.ts:22:20\n' +
    '    at Generator.next (<anonymous>)\n' +
    '    at C:\\Users\\User\\OneDrive\\Desktop\\Pet nation\\pet-nation-server\\src\\server.ts:8:71\n' +
    '    at new Promise (<anonymous>)\n' +
    '    at __awaiter (C:\\Users\\User\\OneDrive\\Desktop\\Pet nation\\pet-nation-server\\src\\server.ts:4:12)\n' +
    '    at dbConnection (C:\\Users\\User\\OneDrive\\Desktop\\Pet nation\\pet-nation-server\\src\\server.ts:29:12)\n' +
    '    at Object.<anonymous> (C:\\Users\\User\\OneDrive\\Desktop\\Pet nation\\pet-nation-server\\src\\server.ts:50:1)',
  label: 'Error',
  timestamp: '2024-01-01T04:24:53.968Z'
}
{
  message: 'Failed to connect database. connect ECONNREFUSED ::1:27017',
  reason: TopologyDescription {
    type: 'Unknown',
    servers: Map(1) {
      'localhost:27017' => ServerDescription {
        address: 'localhost:27017',
        type: 'Unknown',
        hosts: [],
        passives: [],
        arbiters: [],
        tags: {},
        minWireVersion: 0,
        maxWireVersion: 0,
        roundTripTime: -1,
        lastUpdateTime: 735209,
        lastWriteDate: 0,
        error: MongoNetworkError: connect ECONNREFUSED ::1:27017
            at connectionFailureError (C:\Users\User\OneDrive\Desktop\Pet nation\pet-nation-server\node_modules\mongoose\node_modules\mongodb\src\cmap\connect.ts:505:14)
            at Socket.<anonymous> (C:\Users\User\OneDrive\Desktop\Pet nation\pet-nation-server\node_modules\mongoose\node_modules\mongodb\src\cmap\connect.ts:388:16)
            at Object.onceWrapper (node:events:628:26)
            at Socket.emit (node:events:513:28)
            at emitErrorNT (node:internal/streams/destroy:151:8)
            at emitErrorCloseNT (node:internal/streams/destroy:116:3)
            at processTicksAndRejections (node:internal/process/task_queues:82:21) {
          [Symbol(errorLabels)]: Set(1) { 'ResetPool' },
          [cause]: Error: connect ECONNREFUSED ::1:27017
              at TCPConnectWrap.afterConnect [as oncomplete] (node:net:1471:16) {
            errno: -4078,
            code: 'ECONNREFUSED',
            syscall: 'connect',
            address: '::1',
            port: 27017
          }
        },
        topologyVersion: null,
        setName: null,
        setVersion: null,
        electionId: null,
        logicalSessionTimeoutMinutes: null,
        primary: null,
        me: null,
        '$clusterTime': null
      }
    },
    stale: false,
    compatible: true,
    heartbeatFrequencyMS: 10000,
    localThresholdMS: 15,
    setName: null,
    maxElectionId: null,
    maxSetVersion: null,
    commonWireVersion: 0,
    logicalSessionTimeoutMinutes: null
  },
  code: undefined,
  level: 'error',
  stack: 'MongooseServerSelectionError: connect ECONNREFUSED ::1:27017\n' +
    '    at _handleConnectionErrors (C:\\Users\\User\\OneDrive\\Desktop\\Pet nation\\pet-nation-server\\node_modules\\mongoose\\lib\\connection.js:809:11)\n' +
    '    at NativeConnection.openUri (C:\\Users\\User\\OneDrive\\Desktop\\Pet nation\\pet-nation-server\\node_modules\\mongoose\\lib\\connection.js:784:11)',
  label: 'Error',
  timestamp: '2024-01-01T04:27:57.978Z'
}
{
  message: 'Failed to connect database. connect ECONNREFUSED ::1:27017',
  reason: TopologyDescription {
    type: 'Unknown',
    servers: Map(1) {
      'localhost:27017' => ServerDescription {
        address: 'localhost:27017',
        type: 'Unknown',
        hosts: [],
        passives: [],
        arbiters: [],
        tags: {},
        minWireVersion: 0,
        maxWireVersion: 0,
        roundTripTime: -1,
        lastUpdateTime: 772195,
        lastWriteDate: 0,
        error: MongoNetworkError: connect ECONNREFUSED ::1:27017
            at connectionFailureError (C:\Users\User\OneDrive\Desktop\Pet nation\pet-nation-server\node_modules\mongoose\node_modules\mongodb\src\cmap\connect.ts:505:14)
            at Socket.<anonymous> (C:\Users\User\OneDrive\Desktop\Pet nation\pet-nation-server\node_modules\mongoose\node_modules\mongodb\src\cmap\connect.ts:388:16)
            at Object.onceWrapper (node:events:628:26)
            at Socket.emit (node:events:513:28)
            at emitErrorNT (node:internal/streams/destroy:151:8)
            at emitErrorCloseNT (node:internal/streams/destroy:116:3)
            at processTicksAndRejections (node:internal/process/task_queues:82:21) {
          [Symbol(errorLabels)]: Set(1) { 'ResetPool' },
          [cause]: Error: connect ECONNREFUSED ::1:27017
              at TCPConnectWrap.afterConnect [as oncomplete] (node:net:1471:16) {
            errno: -4078,
            code: 'ECONNREFUSED',
            syscall: 'connect',
            address: '::1',
            port: 27017
          }
        },
        topologyVersion: null,
        setName: null,
        setVersion: null,
        electionId: null,
        logicalSessionTimeoutMinutes: null,
        primary: null,
        me: null,
        '$clusterTime': null
      }
    },
    stale: false,
    compatible: true,
    heartbeatFrequencyMS: 10000,
    localThresholdMS: 15,
    setName: null,
    maxElectionId: null,
    maxSetVersion: null,
    commonWireVersion: 0,
    logicalSessionTimeoutMinutes: null
  },
  code: undefined,
  level: 'error',
  stack: 'MongooseServerSelectionError: connect ECONNREFUSED ::1:27017\n' +
    '    at _handleConnectionErrors (C:\\Users\\User\\OneDrive\\Desktop\\Pet nation\\pet-nation-server\\node_modules\\mongoose\\lib\\connection.js:809:11)\n' +
    '    at NativeConnection.openUri (C:\\Users\\User\\OneDrive\\Desktop\\Pet nation\\pet-nation-server\\node_modules\\mongoose\\lib\\connection.js:784:11)',
  label: 'Error',
  timestamp: '2024-01-01T04:28:34.961Z'
}
